Using pre-set license
Built from '2021.1/staging' branch; Version is '2021.1.27f1 (7e296a84045d) revision 8268138'; Using compiler version '192528614'; Build Type 'Release'
OS: 'Windows 10 Pro; OS build 17134.590; Version 1803; 64bit' Language: 'en' Physical Memory: 8129 MB
BatchMode: 1, IsHumanControllingUs: 0, StartBugReporterOnCrash: 0, Is64bit: 1, IsPro: 0

COMMAND LINE ARGUMENTS:
C:\Program Files\Unity\Hub\Editor\2021.1.27f1\Editor\Unity.exe
-adb2
-batchMode
-noUpm
-name
AssetImportWorker1
-projectPath
C:/games/GitHub/Azimuth_remake/AzimuthV2_urp
-logFile
Logs/AssetImportWorker1.log
-srvPort
59338
Successfully changed project path to: C:/games/GitHub/Azimuth_remake/AzimuthV2_urp
C:/games/GitHub/Azimuth_remake/AzimuthV2_urp
Using Asset Import Pipeline V2.
Refreshing native plugins compatible for Editor in 157.01 ms, found 3 plugins.
Preloading 0 native plugins for Editor in 0.00 ms.
Initialize engine version: 2021.1.27f1 (7e296a84045d)
[Subsystems] Discovering subsystems at path C:/Program Files/Unity/Hub/Editor/2021.1.27f1/Editor/Data/Resources/UnitySubsystems
[Subsystems] Discovering subsystems at path C:/games/GitHub/Azimuth_remake/AzimuthV2_urp/Assets
GfxDevice: creating device client; threaded=0; jobified=0
Direct3D:
    Version:  Direct3D 11.0 [level 11.1]
    Renderer: NVIDIA GeForce GTX 1050 Ti (ID=0x1c82)
    Vendor:   NVIDIA
    VRAM:     4018 MB
    Driver:   30.0.14.7111
Initialize mono
Mono path[0] = 'C:/Program Files/Unity/Hub/Editor/2021.1.27f1/Editor/Data/Managed'
Mono path[1] = 'C:/Program Files/Unity/Hub/Editor/2021.1.27f1/Editor/Data/MonoBleedingEdge/lib/mono/unityjit'
Mono config path = 'C:/Program Files/Unity/Hub/Editor/2021.1.27f1/Editor/Data/MonoBleedingEdge/etc'
Using monoOptions --debugger-agent=transport=dt_socket,embedding=1,server=y,suspend=n,address=127.0.0.1:56616
Begin MonoManager ReloadAssembly
Registering precompiled unity dll's ...
Register platform support module: C:/Program Files/Unity/Hub/Editor/2021.1.27f1/Editor/Data/PlaybackEngines/WebGLSupport/UnityEditor.WebGL.Extensions.dll
Register platform support module: C:/Program Files/Unity/Hub/Editor/2021.1.27f1/Editor/Data/PlaybackEngines/WindowsStandaloneSupport/UnityEditor.WindowsStandalone.Extensions.dll
Registered in 0.002045 seconds.
Native extension for WindowsStandalone target not found
Native extension for WebGL target not found
Refreshing native plugins compatible for Editor in 128.41 ms, found 3 plugins.
Preloading 0 native plugins for Editor in 0.00 ms.
Mono: successfully reloaded assembly
- Completed reload, in  2.337 seconds
Domain Reload Profiling:
	ReloadAssembly (2338ms)
		BeginReloadAssembly (72ms)
			ExecutionOrderSort (0ms)
			DisableScriptedObjects (0ms)
			BackupInstance (0ms)
			ReleaseScriptingObjects (0ms)
			CreateAndSetChildDomain (1ms)
		EndReloadAssembly (587ms)
			LoadAssemblies (69ms)
			RebuildTransferFunctionScriptingTraits (0ms)
			SetupTypeCache (175ms)
			ReleaseScriptCaches (0ms)
			RebuildScriptCaches (32ms)
			SetupLoadedEditorAssemblies (327ms)
				LogAssemblyErrors (0ms)
				InitializePlatformSupportModulesInManaged (10ms)
				SetLoadedEditorAssemblies (1ms)
				RefreshPlugins (128ms)
				BeforeProcessingInitializeOnLoad (1ms)
				ProcessInitializeOnLoadAttributes (154ms)
				ProcessInitializeOnLoadMethodAttributes (33ms)
				AfterProcessingInitializeOnLoad (0ms)
				EditorAssembliesLoaded (0ms)
			ExecutionOrderSort2 (0ms)
			AwakeInstancesAfterBackupRestoration (0ms)
Platform modules already initialized, skipping
Registering precompiled user dll's ...
Registered in 0.007464 seconds.
Begin MonoManager ReloadAssembly
Symbol file LoadedFromMemory doesn't match image C:\games\GitHub\Azimuth_remake\AzimuthV2_urp\Library\PackageCache\com.unity.visualscripting@1.6.1\Editor\VisualScripting.Core\Dependencies\YamlDotNet\Unity.VisualScripting.YamlDotNet.dll
Symbol file LoadedFromMemory doesn't match image C:\games\GitHub\Azimuth_remake\AzimuthV2_urp\Library\PackageCache\com.unity.visualscripting@1.6.1\Editor\VisualScripting.Core\Dependencies\DotNetZip\Unity.VisualScripting.IonicZip.dll
Native extension for WindowsStandalone target not found
Native extension for WebGL target not found
Refreshing native plugins compatible for Editor in 159.52 ms, found 3 plugins.
Preloading 0 native plugins for Editor in 0.00 ms.
Mono: successfully reloaded assembly
- Completed reload, in  2.466 seconds
Domain Reload Profiling:
	ReloadAssembly (2468ms)
		BeginReloadAssembly (225ms)
			ExecutionOrderSort (0ms)
			DisableScriptedObjects (11ms)
			BackupInstance (0ms)
			ReleaseScriptingObjects (0ms)
			CreateAndSetChildDomain (27ms)
		EndReloadAssembly (2131ms)
			LoadAssemblies (624ms)
			RebuildTransferFunctionScriptingTraits (0ms)
			SetupTypeCache (574ms)
			ReleaseScriptCaches (1ms)
			RebuildScriptCaches (81ms)
			SetupLoadedEditorAssemblies (722ms)
				LogAssemblyErrors (0ms)
				InitializePlatformSupportModulesInManaged (7ms)
				SetLoadedEditorAssemblies (0ms)
				RefreshPlugins (160ms)
				BeforeProcessingInitializeOnLoad (127ms)
				ProcessInitializeOnLoadAttributes (409ms)
				ProcessInitializeOnLoadMethodAttributes (12ms)
				AfterProcessingInitializeOnLoad (7ms)
				EditorAssembliesLoaded (0ms)
			ExecutionOrderSort2 (0ms)
			AwakeInstancesAfterBackupRestoration (9ms)
Platform modules already initialized, skipping
========================================================================
Worker process is ready to serve import requests
Launched and connected shader compiler UnityShaderCompiler.exe after 0.06 seconds
Refreshing native plugins compatible for Editor in 1.11 ms, found 3 plugins.
Preloading 0 native plugins for Editor in 0.00 ms.
Unloading 4662 Unused Serialized files (Serialized files now loaded: 0)
System memory in use before: 178.4 MB.
System memory in use after: 178.6 MB.

Unloading 25 unused Assets to reduce memory usage. Loaded Objects now: 5106.
Total: 4.583768 ms (FindLiveObjects: 0.374443 ms CreateObjectMapping: 0.290133 ms MarkObjects: 3.808599 ms  DeleteObjects: 0.109227 ms)

AssetImportParameters requested are different than current active one (requested -> active):
  custom:framework-win-MediaFoundation: 216162199b28c13a410421893ffa2e32 -> 
  custom:video-decoder-ogg-theora: a1e56fd34408186e4bbccfd4996cb3dc -> 
  custom:container-muxer-webm: aa71ff27fc2769a1b78a27578f13a17b -> 
  custom:container-demuxer-webm: 4f35f7cbe854078d1ac9338744f61a02 -> 
  custom:container-demuxer-ogg: 62fdf1f143b41e24485cea50d1cbac27 -> 
  custom:video-encoder-webm-vp8: eb34c28f22e8b96e1ab97ce403110664 -> 
  custom:video-decoder-webm-vp8: 9c59270c3fd7afecdb556c50c9e8de78 -> 
  custom:audio-decoder-ogg-vorbis: bf7c407c2cedff20999df2af8eb42d56 -> 
  custom:audio-encoder-webm-vorbis: bf7c407c2cedff20999df2af8eb42d56 -> 
========================================================================
Received Import Request.
  path: Assets/Settings/SampleSceneProfile.asset
  artifactKey: Guid(10fc4df2da32a41aaa32d77bc913491c) Importer(815301076,1909f56bfc062723c751e8b465ee728b)
Start importing Assets/Settings/SampleSceneProfile.asset using Guid(10fc4df2da32a41aaa32d77bc913491c) Importer(815301076,1909f56bfc062723c751e8b465ee728b)  -> (artifact id: '8e032b039bcbd1476593e9ea1649b903') in 0.095053 seconds 
========================================================================
Received Import Request.
  Time since last request: 0.000298 seconds.
  path: Assets/Settings
  artifactKey: Guid(0735c275001a2c84dafdb30deced5d8d) Importer(815301076,1909f56bfc062723c751e8b465ee728b)
Start importing Assets/Settings using Guid(0735c275001a2c84dafdb30deced5d8d) Importer(815301076,1909f56bfc062723c751e8b465ee728b)  -> (artifact id: '93acb47a41d734d0e1a9166c2e42237b') in 0.002563 seconds 
========================================================================
Received Import Request.
  Time since last request: 0.000409 seconds.
  path: Assets/Settings/UniversalRP-LowQuality.asset
  artifactKey: Guid(a31e9f9f9c9d4b9429ed0d1234e22103) Importer(815301076,1909f56bfc062723c751e8b465ee728b)
Start importing Assets/Settings/UniversalRP-LowQuality.asset using Guid(a31e9f9f9c9d4b9429ed0d1234e22103) Importer(815301076,1909f56bfc062723c751e8b465ee728b)  -> (artifact id: '901b83b6ef63aa7d87e98801901b8075') in 0.029378 seconds 
========================================================================
Received Import Request.
  Time since last request: 0.000283 seconds.
  path: Assets/PlayerActions.inputactions
  artifactKey: Guid(54a3ecf4a0297e540805233a2a7b48ef) Importer(815301076,1909f56bfc062723c751e8b465ee728b)
Start importing Assets/PlayerActions.inputactions using Guid(54a3ecf4a0297e540805233a2a7b48ef) Importer(815301076,1909f56bfc062723c751e8b465ee728b)  -> (artifact id: 'f16deada5e40461a6f74b6edae6b0c4a') in 0.009413 seconds 
========================================================================
Received Import Request.
  Time since last request: 0.000257 seconds.
  path: Assets/Settings/UniversalRP-MediumQuality.asset
  artifactKey: Guid(d847b876476d3d6468f5dfcd34266f96) Importer(815301076,1909f56bfc062723c751e8b465ee728b)
Start importing Assets/Settings/UniversalRP-MediumQuality.asset using Guid(d847b876476d3d6468f5dfcd34266f96) Importer(815301076,1909f56bfc062723c751e8b465ee728b)  -> (artifact id: 'e25c492861e024118d7d04082f445468') in 0.024519 seconds 
========================================================================
Received Import Request.
  Time since last request: 0.000262 seconds.
  path: Assets/Settings/UniversalRP-HighQuality.asset
  artifactKey: Guid(19ba41d7c0026c3459d37c2fe90c55a0) Importer(815301076,1909f56bfc062723c751e8b465ee728b)
Start importing Assets/Settings/UniversalRP-HighQuality.asset using Guid(19ba41d7c0026c3459d37c2fe90c55a0) Importer(815301076,1909f56bfc062723c751e8b465ee728b)  -> (artifact id: 'e7ef4e568ff037457eb75607be6d72bd') in 0.003151 seconds 
========================================================================
Received Import Request.
  Time since last request: 0.000238 seconds.
  path: Assets/Settings/ForwardRenderer.asset
  artifactKey: Guid(4a8e21d5c33334b11b34a596161b9360) Importer(815301076,1909f56bfc062723c751e8b465ee728b)
Start importing Assets/Settings/ForwardRenderer.asset using Guid(4a8e21d5c33334b11b34a596161b9360) Importer(815301076,1909f56bfc062723c751e8b465ee728b)  -> (artifact id: '7fa9b3dd9f62dc012d0e81b7cffdedc2') in 0.003523 seconds 
========================================================================
Received Import Request.
  Time since last request: 0.000264 seconds.
  path: Assets/Scenes/Tester.unity
  artifactKey: Guid(4c57ce61a92995f4888c8756798452a9) Importer(815301076,1909f56bfc062723c751e8b465ee728b)
Start importing Assets/Scenes/Tester.unity using Guid(4c57ce61a92995f4888c8756798452a9) Importer(815301076,1909f56bfc062723c751e8b465ee728b)  -> (artifact id: '34b079a8dd0ed85a1f43e9a75c26424d') in 0.002568 seconds 
========================================================================
Received Import Request.
  Time since last request: 0.000309 seconds.
  path: Assets/Readme.asset
  artifactKey: Guid(83c2ed844a8c74b779a4c823d16594b1) Importer(815301076,1909f56bfc062723c751e8b465ee728b)
Start importing Assets/Readme.asset using Guid(83c2ed844a8c74b779a4c823d16594b1) Importer(815301076,1909f56bfc062723c751e8b465ee728b)  -> (artifact id: '7c3b9f17ff219922461d349995487975') in 0.004743 seconds 
========================================================================
Received Import Request.
  Time since last request: 13.770079 seconds.
  path: Assets/Scenes/SampleSceneLightingSettings.lighting
  artifactKey: Guid(477cc4148fad3449482a3bc3178594e2) Importer(815301076,1909f56bfc062723c751e8b465ee728b)
Start importing Assets/Scenes/SampleSceneLightingSettings.lighting using Guid(477cc4148fad3449482a3bc3178594e2) Importer(815301076,1909f56bfc062723c751e8b465ee728b)  -> (artifact id: '796f4ca2652563aabb920c1beb55d511') in 0.004444 seconds 
========================================================================
Received Import Request.
  Time since last request: 4.329748 seconds.
  path: Assets/Scenes/SampleScene.unity
  artifactKey: Guid(d1c3109bdb54ad54c8a2b2838528e640) Importer(815301076,1909f56bfc062723c751e8b465ee728b)
Start importing Assets/Scenes/SampleScene.unity using Guid(d1c3109bdb54ad54c8a2b2838528e640) Importer(815301076,1909f56bfc062723c751e8b465ee728b)  -> (artifact id: '0e38376f9138fe8afc43c3eed87c8397') in 0.003725 seconds 
========================================================================
Received Import Request.
  Time since last request: 4.332025 seconds.
  path: Assets/ui/jojstick
  artifactKey: Guid(745a91093da516943a09a2f2780a9708) Importer(815301076,1909f56bfc062723c751e8b465ee728b)
Start importing Assets/ui/jojstick using Guid(745a91093da516943a09a2f2780a9708) Importer(815301076,1909f56bfc062723c751e8b465ee728b)  -> (artifact id: '9eaf9957a87ff0608c250a38563922c5') in 0.003158 seconds 
========================================================================
Received Import Request.
  Time since last request: 0.069444 seconds.
  path: Assets/ui/jojstick/26AA_color.png
  artifactKey: Guid(4e6cac3ccfc25fe41bdb3cc09eeb7bc0) Importer(815301076,1909f56bfc062723c751e8b465ee728b)
Start importing Assets/ui/jojstick/26AA_color.png using Guid(4e6cac3ccfc25fe41bdb3cc09eeb7bc0) Importer(815301076,1909f56bfc062723c751e8b465ee728b)  -> (artifact id: '652150f0f28da1c9992af6287add799d') in 0.139411 seconds 
========================================================================
Received Import Request.
  Time since last request: 0.000264 seconds.
  path: Assets/ui/jojstick/26AB_color.png
  artifactKey: Guid(59facc9ee8d939248917d272ea37cddf) Importer(815301076,1909f56bfc062723c751e8b465ee728b)
Start importing Assets/ui/jojstick/26AB_color.png using Guid(59facc9ee8d939248917d272ea37cddf) Importer(815301076,1909f56bfc062723c751e8b465ee728b)  -> (artifact id: 'cf5795125aa14faf20d9fbd106d6c76b') in 0.016938 seconds 
========================================================================
Received Import Request.
  Time since last request: 12.507226 seconds.
  path: Assets/TutorialInfo/Icons/Help_Icon.png
  artifactKey: Guid(34f556d724b1bbf4097ca6220db2c581) Importer(815301076,1909f56bfc062723c751e8b465ee728b)
Start importing Assets/TutorialInfo/Icons/Help_Icon.png using Guid(34f556d724b1bbf4097ca6220db2c581) Importer(815301076,1909f56bfc062723c751e8b465ee728b)  -> (artifact id: '5a2a1d692246b29289d05751b0853a05') in 0.057994 seconds 
========================================================================
Received Import Request.
  Time since last request: 0.000383 seconds.
  path: Assets/TutorialInfo/Icons/UniversalIcon.png
  artifactKey: Guid(7801804018a7dcf42abb827444e18660) Importer(815301076,1909f56bfc062723c751e8b465ee728b)
Start importing Assets/TutorialInfo/Icons/UniversalIcon.png using Guid(7801804018a7dcf42abb827444e18660) Importer(815301076,1909f56bfc062723c751e8b465ee728b)  -> (artifact id: '7657d2302e1f4a41e3b3c7228dc16453') in 0.017146 seconds 
========================================================================
Received Import Request.
  Time since last request: 8.419863 seconds.
  path: Assets/Materials/black.mat
  artifactKey: Guid(9e936fade89015447952983002489b84) Importer(815301076,1909f56bfc062723c751e8b465ee728b)
Start importing Assets/Materials/black.mat using Guid(9e936fade89015447952983002489b84) Importer(815301076,1909f56bfc062723c751e8b465ee728b)  -> (artifact id: '2c163947e2b470f4c5e713c10f02fdc5') in 0.979256 seconds 
========================================================================
Received Import Request.
  Time since last request: 0.000307 seconds.
  path: Assets/Materials/Skybox_Mat.mat
  artifactKey: Guid(0ffaa0b7117ba8c47a9d05ae701d4b4d) Importer(815301076,1909f56bfc062723c751e8b465ee728b)
Start importing Assets/Materials/Skybox_Mat.mat using Guid(0ffaa0b7117ba8c47a9d05ae701d4b4d) Importer(815301076,1909f56bfc062723c751e8b465ee728b)  -> (artifact id: 'f1e587b2d9f39b4a8da249a6a8f56a44') in 0.148017 seconds 
========================================================================
Received Import Request.
  Time since last request: 0.000337 seconds.
  path: Assets/Materials/player.mat
  artifactKey: Guid(378dd575dfbbfe04e86c0f3452cbf39c) Importer(815301076,1909f56bfc062723c751e8b465ee728b)
Start importing Assets/Materials/player.mat using Guid(378dd575dfbbfe04e86c0f3452cbf39c) Importer(815301076,1909f56bfc062723c751e8b465ee728b)  -> (artifact id: 'ef759cc93fb547c5af7e4bfdc12e8b0e') in 0.012759 seconds 
========================================================================
Received Import Request.
  Time since last request: 0.572929 seconds.
  path: Assets/Presets/AudioCompressedInMemory.preset
  artifactKey: Guid(2dd802e4d37c65149922028d3e973832) Importer(815301076,1909f56bfc062723c751e8b465ee728b)
Start importing Assets/Presets/AudioCompressedInMemory.preset using Guid(2dd802e4d37c65149922028d3e973832) Importer(815301076,1909f56bfc062723c751e8b465ee728b)  -> (artifact id: '70939c7466a0a575c20e055aeedbc52e') in 0.044608 seconds 
========================================================================
Received Import Request.
  Time since last request: 0.000686 seconds.
  path: Assets/Presets/AudioStreaming.preset
  artifactKey: Guid(86bcce7f5575b54408aa0f3a7d321039) Importer(815301076,1909f56bfc062723c751e8b465ee728b)
Start importing Assets/Presets/AudioStreaming.preset using Guid(86bcce7f5575b54408aa0f3a7d321039) Importer(815301076,1909f56bfc062723c751e8b465ee728b)  -> (artifact id: '3fd64b4b8f6783da8d1e546ffa643e31') in 0.017449 seconds 
========================================================================
Received Import Request.
  Time since last request: 0.000389 seconds.
  path: Assets/Presets/NormalTexture.preset
  artifactKey: Guid(14a57cf3b9fa1c74b884aa7e0dcf1faa) Importer(815301076,1909f56bfc062723c751e8b465ee728b)
Start importing Assets/Presets/NormalTexture.preset using Guid(14a57cf3b9fa1c74b884aa7e0dcf1faa) Importer(815301076,1909f56bfc062723c751e8b465ee728b)  -> (artifact id: '2180124ffec99f6a58fa05f7255d1536') in 0.039297 seconds 
========================================================================
Received Import Request.
  Time since last request: 0.000430 seconds.
  path: Assets/Presets/UtilityTexture.preset
  artifactKey: Guid(45f7b2e3c78185248b3adbb14429c2ab) Importer(815301076,1909f56bfc062723c751e8b465ee728b)
Start importing Assets/Presets/UtilityTexture.preset using Guid(45f7b2e3c78185248b3adbb14429c2ab) Importer(815301076,1909f56bfc062723c751e8b465ee728b)  -> (artifact id: 'f4ea12d61e319528c50666fe0b61b6e2') in 0.008411 seconds 
========================================================================
Received Import Request.
  Time since last request: 3.830764 seconds.
  path: Assets/Scripts/SimpleCameraController.cs
  artifactKey: Guid(be76e5f14cfee674cb30b491fb72b09b) Importer(815301076,1909f56bfc062723c751e8b465ee728b)
Start importing Assets/Scripts/SimpleCameraController.cs using Guid(be76e5f14cfee674cb30b491fb72b09b) Importer(815301076,1909f56bfc062723c751e8b465ee728b)  -> (artifact id: '87dec0f37bbd82d6616333ad62d2fd34') in 0.020403 seconds 
========================================================================
Received Prepare
Registering precompiled user dll's ...
Registered in 0.009401 seconds.
Begin MonoManager ReloadAssembly
Symbol file LoadedFromMemory doesn't match image C:\games\GitHub\Azimuth_remake\AzimuthV2_urp\Library\PackageCache\com.unity.visualscripting@1.6.1\Editor\VisualScripting.Core\Dependencies\YamlDotNet\Unity.VisualScripting.YamlDotNet.dll
Symbol file LoadedFromMemory doesn't match image C:\games\GitHub\Azimuth_remake\AzimuthV2_urp\Library\PackageCache\com.unity.visualscripting@1.6.1\Editor\VisualScripting.Core\Dependencies\DotNetZip\Unity.VisualScripting.IonicZip.dll
Native extension for WindowsStandalone target not found
Native extension for WebGL target not found
Refreshing native plugins compatible for Editor in 5.00 ms, found 3 plugins.
Preloading 0 native plugins for Editor in 0.00 ms.
Mono: successfully reloaded assembly
- Completed reload, in  1.298 seconds
Domain Reload Profiling:
	ReloadAssembly (1299ms)
		BeginReloadAssembly (155ms)
			ExecutionOrderSort (0ms)
			DisableScriptedObjects (6ms)
			BackupInstance (0ms)
			ReleaseScriptingObjects (0ms)
			CreateAndSetChildDomain (49ms)
		EndReloadAssembly (1082ms)
			LoadAssemblies (107ms)
			RebuildTransferFunctionScriptingTraits (0ms)
			SetupTypeCache (400ms)
			ReleaseScriptCaches (1ms)
			RebuildScriptCaches (46ms)
			SetupLoadedEditorAssemblies (374ms)
				LogAssemblyErrors (0ms)
				InitializePlatformSupportModulesInManaged (9ms)
				SetLoadedEditorAssemblies (1ms)
				RefreshPlugins (5ms)
				BeforeProcessingInitializeOnLoad (78ms)
				ProcessInitializeOnLoadAttributes (264ms)
				ProcessInitializeOnLoadMethodAttributes (10ms)
				AfterProcessingInitializeOnLoad (6ms)
				EditorAssembliesLoaded (0ms)
			ExecutionOrderSort2 (0ms)
			AwakeInstancesAfterBackupRestoration (19ms)
Platform modules already initialized, skipping
Refreshing native plugins compatible for Editor in 0.89 ms, found 3 plugins.
Preloading 0 native plugins for Editor in 0.00 ms.
Unloading 4559 Unused Serialized files (Serialized files now loaded: 0)
System memory in use before: 182.9 MB.
System memory in use after: 183.2 MB.

Unloading 20 unused Assets to reduce memory usage. Loaded Objects now: 5249.
Total: 4.444845 ms (FindLiveObjects: 0.340651 ms CreateObjectMapping: 0.219819 ms MarkObjects: 3.622914 ms  DeleteObjects: 0.259755 ms)

AssetImportParameters requested are different than current active one (requested -> active):
  custom:framework-win-MediaFoundation: 216162199b28c13a410421893ffa2e32 -> 
  custom:video-decoder-ogg-theora: a1e56fd34408186e4bbccfd4996cb3dc -> 
  custom:container-muxer-webm: aa71ff27fc2769a1b78a27578f13a17b -> 
  custom:container-demuxer-webm: 4f35f7cbe854078d1ac9338744f61a02 -> 
  custom:container-demuxer-ogg: 62fdf1f143b41e24485cea50d1cbac27 -> 
  custom:video-encoder-webm-vp8: eb34c28f22e8b96e1ab97ce403110664 -> 
  custom:video-decoder-webm-vp8: 9c59270c3fd7afecdb556c50c9e8de78 -> 
  custom:audio-decoder-ogg-vorbis: bf7c407c2cedff20999df2af8eb42d56 -> 
  custom:audio-encoder-webm-vorbis: bf7c407c2cedff20999df2af8eb42d56 -> 
========================================================================
Received Import Request.
  Time since last request: 64.325107 seconds.
  path: Assets/Scenes
  artifactKey: Guid(138a90f6b3e6a7c42a499107c6a17039) Importer(815301076,1909f56bfc062723c751e8b465ee728b)
Start importing Assets/Scenes using Guid(138a90f6b3e6a7c42a499107c6a17039) Importer(815301076,1909f56bfc062723c751e8b465ee728b)  -> (artifact id: '9cf3c6f40ddb183506194f0e553bbd10') in 0.018477 seconds 
========================================================================
Received Import Request.
  Time since last request: 8.558276 seconds.
  path: Assets/Scenes/MainMenu.unity
  artifactKey: Guid(75046c881c465b041b5fc9998fc723d2) Importer(815301076,1909f56bfc062723c751e8b465ee728b)
Start importing Assets/Scenes/MainMenu.unity using Guid(75046c881c465b041b5fc9998fc723d2) Importer(815301076,1909f56bfc062723c751e8b465ee728b)  -> (artifact id: '8727c6964d8376a62a8b58ab98716779') in 0.018106 seconds 
========================================================================
Received Import Request.
  Time since last request: 48.667224 seconds.
  path: Assets/ui
  artifactKey: Guid(ea14c7866cb84694a8887eb7503c2e60) Importer(815301076,1909f56bfc062723c751e8b465ee728b)
Start importing Assets/ui using Guid(ea14c7866cb84694a8887eb7503c2e60) Importer(815301076,1909f56bfc062723c751e8b465ee728b)  -> (artifact id: 'b43f082ed2f5b32a6db247105bce7256') in 0.008408 seconds 
========================================================================
Received Import Request.
  Time since last request: 5.688237 seconds.
  path: Assets/ui/Fonts
  artifactKey: Guid(d6aaa80950e628d45890b95f62a11c8d) Importer(815301076,1909f56bfc062723c751e8b465ee728b)
Start importing Assets/ui/Fonts using Guid(d6aaa80950e628d45890b95f62a11c8d) Importer(815301076,1909f56bfc062723c751e8b465ee728b)  -> (artifact id: 'fa54c3be2f30a2850d95cc5065fae517') in 0.003457 seconds 
========================================================================
Received Import Request.
  Time since last request: 15.294073 seconds.
  path: Assets/ui/Fonts/Oxanium-Regular.ttf
  artifactKey: Guid(6e5b3114a1985754eb231b642f63c3cc) Importer(815301076,1909f56bfc062723c751e8b465ee728b)
Start importing Assets/ui/Fonts/Oxanium-Regular.ttf using Guid(6e5b3114a1985754eb231b642f63c3cc) Importer(815301076,1909f56bfc062723c751e8b465ee728b)  -> (artifact id: 'fa1f169a1c894fc5bb2945cbe55a069a') in 0.247964 seconds 
========================================================================
Received Import Request.
  Time since last request: 0.000260 seconds.
  path: Assets/ui/Fonts/CFPunkFashionPERSONAL-Regul.ttf
  artifactKey: Guid(35e98c308f0a1724ca8acba17f79a707) Importer(815301076,1909f56bfc062723c751e8b465ee728b)
Start importing Assets/ui/Fonts/CFPunkFashionPERSONAL-Regul.ttf using Guid(35e98c308f0a1724ca8acba17f79a707) Importer(815301076,1909f56bfc062723c751e8b465ee728b)  -> (artifact id: '1b7e0364bcb24ccffab8a3c41c9d7c5a') in 0.047581 seconds 
========================================================================
Received Import Request.
  Time since last request: 0.000293 seconds.
  path: Assets/ui/Fonts/Blacklist.ttf
  artifactKey: Guid(031795ffb0ada634a9a2fbc20bde502e) Importer(815301076,1909f56bfc062723c751e8b465ee728b)
Start importing Assets/ui/Fonts/Blacklist.ttf using Guid(031795ffb0ada634a9a2fbc20bde502e) Importer(815301076,1909f56bfc062723c751e8b465ee728b)  -> (artifact id: 'f0e5ba3bdade0c40798939a8cc8fa1c9') in 0.050066 seconds 
========================================================================
Received Import Request.
  Time since last request: 0.000277 seconds.
  path: Assets/ui/Fonts/alagard.ttf
  artifactKey: Guid(de178a36ccc8e4947bcbc68d9f331fbc) Importer(815301076,1909f56bfc062723c751e8b465ee728b)
Start importing Assets/ui/Fonts/alagard.ttf using Guid(de178a36ccc8e4947bcbc68d9f331fbc) Importer(815301076,1909f56bfc062723c751e8b465ee728b)  -> (artifact id: '96a82de0334fe1348af2e381f90c20e4') in 0.023127 seconds 
========================================================================
Received Import Request.
  Time since last request: 0.000345 seconds.
  path: Assets/ui/Fonts/Glitch inside.otf
  artifactKey: Guid(c1fede17114d59c45ba02b8fa23b6dd9) Importer(815301076,1909f56bfc062723c751e8b465ee728b)
Start importing Assets/ui/Fonts/Glitch inside.otf using Guid(c1fede17114d59c45ba02b8fa23b6dd9) Importer(815301076,1909f56bfc062723c751e8b465ee728b)  -> (artifact id: 'da70e64d2fc36f87476c5352fce789d4') in 0.022684 seconds 
========================================================================
Received Import Request.
  Time since last request: 0.000289 seconds.
  path: Assets/ui/Fonts/Dirga.ttf
  artifactKey: Guid(8e3d23c8c04dc4545afb0491dc7ac70e) Importer(815301076,1909f56bfc062723c751e8b465ee728b)
Start importing Assets/ui/Fonts/Dirga.ttf using Guid(8e3d23c8c04dc4545afb0491dc7ac70e) Importer(815301076,1909f56bfc062723c751e8b465ee728b)  -> (artifact id: 'fb1302619e72ba59994fedaf1fda3fcd') in 0.032537 seconds 
========================================================================
Received Import Request.
  Time since last request: 0.000271 seconds.
  path: Assets/ui/Fonts/LT Emphasis.ttf
  artifactKey: Guid(c7e998f8306ff564caf7afb4944d3885) Importer(815301076,1909f56bfc062723c751e8b465ee728b)
Start importing Assets/ui/Fonts/LT Emphasis.ttf using Guid(c7e998f8306ff564caf7afb4944d3885) Importer(815301076,1909f56bfc062723c751e8b465ee728b)  -> (artifact id: '1861be01f38180d56511cf6d473c39b1') in 0.070554 seconds 
========================================================================
Received Import Request.
  Time since last request: 16.978481 seconds.
  path: Assets/ui/Fonts/alagard SDF.asset
  artifactKey: Guid(b6ef74eb9b69c3a489405ae6f4a111a9) Importer(815301076,1909f56bfc062723c751e8b465ee728b)
Start importing Assets/ui/Fonts/alagard SDF.asset using Guid(b6ef74eb9b69c3a489405ae6f4a111a9) Importer(815301076,1909f56bfc062723c751e8b465ee728b) Shader 'TextMeshPro/Distance Field': fallback shader 'TextMeshPro/Mobile/Distance Field' not found
 -> (artifact id: '31f2b2550376ae3bee3e2834ffa37e15') in 0.034191 seconds 
========================================================================
Received Import Request.
  Time since last request: 0.000264 seconds.
  path: Assets/ui/Fonts/Oxanium-Regular SDF.asset
  artifactKey: Guid(6ec86c8d160a92e4fb18702604fab949) Importer(815301076,1909f56bfc062723c751e8b465ee728b)
Start importing Assets/ui/Fonts/Oxanium-Regular SDF.asset using Guid(6ec86c8d160a92e4fb18702604fab949) Importer(815301076,1909f56bfc062723c751e8b465ee728b) Shader 'TextMeshPro/Distance Field': fallback shader 'TextMeshPro/Mobile/Distance Field' not found
 -> (artifact id: '0910b81b942f131beb4eef09216c6fcb') in 0.018523 seconds 
========================================================================
Received Import Request.
  Time since last request: 0.000375 seconds.
  path: Assets/ui/Fonts/CFPunkFashionPERSONAL-Regul SDF.asset
  artifactKey: Guid(5cfc69700f586ab4a9f0e0b5d9c3176b) Importer(815301076,1909f56bfc062723c751e8b465ee728b)
Start importing Assets/ui/Fonts/CFPunkFashionPERSONAL-Regul SDF.asset using Guid(5cfc69700f586ab4a9f0e0b5d9c3176b) Importer(815301076,1909f56bfc062723c751e8b465ee728b) Shader 'TextMeshPro/Distance Field': fallback shader 'TextMeshPro/Mobile/Distance Field' not found
 -> (artifact id: 'ebefd6a93c694b2868aae306ebab4663') in 0.017418 seconds 
========================================================================
Received Import Request.
  Time since last request: 0.000280 seconds.
  path: Assets/ui/Fonts/Dirga SDF.asset
  artifactKey: Guid(4d53a2477a71a3240a90346db2688fc6) Importer(815301076,1909f56bfc062723c751e8b465ee728b)
Start importing Assets/ui/Fonts/Dirga SDF.asset using Guid(4d53a2477a71a3240a90346db2688fc6) Importer(815301076,1909f56bfc062723c751e8b465ee728b) Shader 'TextMeshPro/Distance Field': fallback shader 'TextMeshPro/Mobile/Distance Field' not found
 -> (artifact id: '41c5fc1edfcee5d8ffb6e23dd24c03d5') in 0.018073 seconds 
========================================================================
Received Import Request.
  Time since last request: 0.000193 seconds.
  path: Assets/ui/Fonts/Glitch inside SDF.asset
  artifactKey: Guid(2fcb73776785f3d4f8a543af47c39929) Importer(815301076,1909f56bfc062723c751e8b465ee728b)
Start importing Assets/ui/Fonts/Glitch inside SDF.asset using Guid(2fcb73776785f3d4f8a543af47c39929) Importer(815301076,1909f56bfc062723c751e8b465ee728b) Shader 'TextMeshPro/Distance Field': fallback shader 'TextMeshPro/Mobile/Distance Field' not found
 -> (artifact id: 'f946710be88dbea8d2b018ee318dc195') in 0.016990 seconds 
========================================================================
Received Import Request.
  Time since last request: 0.000189 seconds.
  path: Assets/ui/Fonts/Blacklist SDF.asset
  artifactKey: Guid(b238e555646745b4884c1652dd3d1466) Importer(815301076,1909f56bfc062723c751e8b465ee728b)
Start importing Assets/ui/Fonts/Blacklist SDF.asset using Guid(b238e555646745b4884c1652dd3d1466) Importer(815301076,1909f56bfc062723c751e8b465ee728b) Shader 'TextMeshPro/Distance Field': fallback shader 'TextMeshPro/Mobile/Distance Field' not found
 -> (artifact id: '8d42b574789e6653af83343cc703c3f8') in 0.017987 seconds 
========================================================================
Received Import Request.
  Time since last request: 0.000162 seconds.
  path: Assets/ui/Fonts/LT Emphasis SDF.asset
  artifactKey: Guid(41ddc371fbc4c9c43bee0c825968c3d9) Importer(815301076,1909f56bfc062723c751e8b465ee728b)
Start importing Assets/ui/Fonts/LT Emphasis SDF.asset using Guid(41ddc371fbc4c9c43bee0c825968c3d9) Importer(815301076,1909f56bfc062723c751e8b465ee728b) Shader 'TextMeshPro/Distance Field': fallback shader 'TextMeshPro/Mobile/Distance Field' not found
 -> (artifact id: '031cac6b40b2784fc38259ea51068984') in 0.016871 seconds 
========================================================================
Received Import Request.
  Time since last request: 36.065215 seconds.
  path: Assets/ui/Fonts/Dirga SDF.asset
  artifactKey: Guid(4d53a2477a71a3240a90346db2688fc6) Importer(815301076,1909f56bfc062723c751e8b465ee728b)
Start importing Assets/ui/Fonts/Dirga SDF.asset using Guid(4d53a2477a71a3240a90346db2688fc6) Importer(815301076,1909f56bfc062723c751e8b465ee728b) Shader 'TextMeshPro/Distance Field': fallback shader 'TextMeshPro/Mobile/Distance Field' not found
 -> (artifact id: '9c2c1ebb55fe1cbf7c4d9f7642d5c741') in 0.042707 seconds 
========================================================================
Received Import Request.
  Time since last request: 0.000222 seconds.
  path: Assets/ui/Fonts/Oxanium-Regular SDF.asset
  artifactKey: Guid(6ec86c8d160a92e4fb18702604fab949) Importer(815301076,1909f56bfc062723c751e8b465ee728b)
Start importing Assets/ui/Fonts/Oxanium-Regular SDF.asset using Guid(6ec86c8d160a92e4fb18702604fab949) Importer(815301076,1909f56bfc062723c751e8b465ee728b) Shader 'TextMeshPro/Distance Field': fallback shader 'TextMeshPro/Mobile/Distance Field' not found
 -> (artifact id: '106a70ad41ef81352cc2c0f34ef8ef72') in 0.033072 seconds 
========================================================================
Received Import Request.
  Time since last request: 0.000230 seconds.
  path: Assets/ui/Fonts/Glitch inside SDF.asset
  artifactKey: Guid(2fcb73776785f3d4f8a543af47c39929) Importer(815301076,1909f56bfc062723c751e8b465ee728b)
Start importing Assets/ui/Fonts/Glitch inside SDF.asset using Guid(2fcb73776785f3d4f8a543af47c39929) Importer(815301076,1909f56bfc062723c751e8b465ee728b) Shader 'TextMeshPro/Distance Field': fallback shader 'TextMeshPro/Mobile/Distance Field' not found
 -> (artifact id: 'ff8bd15715b6128b2d157faff845446b') in 0.034883 seconds 
========================================================================
Received Import Request.
  Time since last request: 0.000232 seconds.
  path: Assets/ui/Fonts/LT Emphasis SDF.asset
  artifactKey: Guid(41ddc371fbc4c9c43bee0c825968c3d9) Importer(815301076,1909f56bfc062723c751e8b465ee728b)
Start importing Assets/ui/Fonts/LT Emphasis SDF.asset using Guid(41ddc371fbc4c9c43bee0c825968c3d9) Importer(815301076,1909f56bfc062723c751e8b465ee728b) Shader 'TextMeshPro/Distance Field': fallback shader 'TextMeshPro/Mobile/Distance Field' not found
 -> (artifact id: 'edfed566cc471c09203bf13c515e1da8') in 0.031278 seconds 
